# JRE version: OpenJDK Runtime Environment (21.0.6) (build 21.0.6+-13391695-b895.109)
# Java VM: OpenJDK 64-Bit Server VM (21.0.6+-13391695-b895.109, mixed mode, tiered, compressed oops, compressed class ptrs, g1 gc, windows-amd64)
GC Precious Log:
 CardTable entry size: 512
 Card Set container configuration: InlinePtr #cards 5 size 8 Array Of Cards #cards 12 size 40 Howl #buckets 4 coarsen threshold 1843 Howl Bitmap #cards 512 size 80 coarsen threshold 460 Card regions per heap region 1 cards per card region 2048
 CPUs: 8 total, 8 available
 Memory: 15765M
 Large Page Support: Disabled
 NUMA Support: Disabled
 Compressed Oops: Enabled (32-bit)
 Heap Region Size: 1M
 Heap Min Capacity: 8M
 Heap Initial Capacity: 248M
 Heap Max Capacity: 2G
 Pre-touch: Disabled
 Parallel Workers: 8
 Concurrent Workers: 2
 Concurrent Refinement Workers: 8
 Periodic GC: Disabled
Heap:
 garbage-first heap   total 267264K, used 230663K [0x0000000080000000, 0x0000000100000000)
  region size 1024K, 97 young (99328K), 9 survivors (9216K)
 Metaspace       used 154917K, committed 157376K, reserved 1245184K
  class space    used 20581K, committed 21760K, reserved 1048576K
GC Heap History (20 events):
Event: 169.873 GC heap before
{Heap before GC invocations=50 (full 0):
 garbage-first heap   total 215040K, used 192843K [0x0000000080000000, 0x0000000100000000)
  region size 1024K, 71 young (72704K), 3 survivors (3072K)
 Metaspace       used 124794K, committed 127168K, reserved 1179648K
  class space    used 16285K, committed 17472K, reserved 1048576K
}
Event: 169.890 GC heap after
{Heap after GC invocations=51 (full 0):
 garbage-first heap   total 215040K, used 130698K [0x0000000080000000, 0x0000000100000000)
  region size 1024K, 9 young (9216K), 9 survivors (9216K)
 Metaspace       used 124794K, committed 127168K, reserved 1179648K
  class space    used 16285K, committed 17472K, reserved 1048576K
}
Event: 390.539 GC heap before
{Heap before GC invocations=51 (full 0):
 garbage-first heap   total 215040K, used 194186K [0x0000000080000000, 0x0000000100000000)
  region size 1024K, 71 young (72704K), 9 survivors (9216K)
 Metaspace       used 125059K, committed 127488K, reserved 1179648K
  class space    used 16288K, committed 17472K, reserved 1048576K
}
Event: 390.630 GC heap after
{Heap after GC invocations=52 (full 0):
 garbage-first heap   total 215040K, used 135005K [0x0000000080000000, 0x0000000100000000)
  region size 1024K, 5 young (5120K), 5 survivors (5120K)
 Metaspace       used 125059K, committed 127488K, reserved 1179648K
  class space    used 16288K, committed 17472K, reserved 1048576K
}
Event: 394.506 GC heap before
{Heap before GC invocations=53 (full 0):
 garbage-first heap   total 227328K, used 195421K [0x0000000080000000, 0x0000000100000000)
  region size 1024K, 65 young (66560K), 5 survivors (5120K)
 Metaspace       used 125719K, committed 128064K, reserved 1179648K
  class space    used 16369K, committed 17536K, reserved 1048576K
}
Event: 394.520 GC heap after
{Heap after GC invocations=54 (full 0):
 garbage-first heap   total 227328K, used 142336K [0x0000000080000000, 0x0000000100000000)
  region size 1024K, 9 young (9216K), 9 survivors (9216K)
 Metaspace       used 125719K, committed 128064K, reserved 1179648K
  class space    used 16369K, committed 17536K, reserved 1048576K
}
Event: 395.842 GC heap before
{Heap before GC invocations=54 (full 0):
 garbage-first heap   total 227328K, used 210944K [0x0000000080000000, 0x0000000100000000)
  region size 1024K, 71 young (72704K), 9 survivors (9216K)
 Metaspace       used 132772K, committed 135168K, reserved 1179648K
  class space    used 17261K, committed 18432K, reserved 1048576K
}
Event: 395.870 GC heap after
{Heap after GC invocations=55 (full 0):
 garbage-first heap   total 239616K, used 153363K [0x0000000080000000, 0x0000000100000000)
  region size 1024K, 9 young (9216K), 9 survivors (9216K)
 Metaspace       used 132772K, committed 135168K, reserved 1179648K
  class space    used 17261K, committed 18432K, reserved 1048576K
}
Event: 397.487 GC heap before
{Heap before GC invocations=55 (full 0):
 garbage-first heap   total 239616K, used 215827K [0x0000000080000000, 0x0000000100000000)
  region size 1024K, 70 young (71680K), 9 survivors (9216K)
 Metaspace       used 135625K, committed 138048K, reserved 1179648K
  class space    used 17577K, committed 18752K, reserved 1048576K
}
Event: 397.502 GC heap after
{Heap after GC invocations=56 (full 0):
 garbage-first heap   total 239616K, used 157888K [0x0000000080000000, 0x0000000100000000)
  region size 1024K, 9 young (9216K), 9 survivors (9216K)
 Metaspace       used 135625K, committed 138048K, reserved 1179648K
  class space    used 17577K, committed 18752K, reserved 1048576K
}
Event: 399.004 GC heap before
{Heap before GC invocations=57 (full 0):
 garbage-first heap   total 261120K, used 212160K [0x0000000080000000, 0x0000000100000000)
  region size 1024K, 65 young (66560K), 9 survivors (9216K)
 Metaspace       used 141291K, committed 143744K, reserved 1179648K
  class space    used 18411K, committed 19584K, reserved 1048576K
}
Event: 399.015 GC heap after
{Heap after GC invocations=58 (full 0):
 garbage-first heap   total 261120K, used 158150K [0x0000000080000000, 0x0000000100000000)
  region size 1024K, 4 young (4096K), 4 survivors (4096K)
 Metaspace       used 141291K, committed 143744K, reserved 1179648K
  class space    used 18411K, committed 19584K, reserved 1048576K
}
Event: 400.406 GC heap before
{Heap before GC invocations=58 (full 0):
 garbage-first heap   total 261120K, used 233926K [0x0000000080000000, 0x0000000100000000)
  region size 1024K, 79 young (80896K), 4 survivors (4096K)
 Metaspace       used 151296K, committed 153728K, reserved 1245184K
  class space    used 19993K, committed 21184K, reserved 1048576K
}
Event: 400.418 GC heap after
{Heap after GC invocations=59 (full 0):
 garbage-first heap   total 261120K, used 144816K [0x0000000080000000, 0x0000000100000000)
  region size 1024K, 6 young (6144K), 6 survivors (6144K)
 Metaspace       used 151296K, committed 153728K, reserved 1245184K
  class space    used 19993K, committed 21184K, reserved 1048576K
}
Event: 401.506 GC heap before
{Heap before GC invocations=59 (full 0):
 garbage-first heap   total 261120K, used 180656K [0x0000000080000000, 0x0000000100000000)
  region size 1024K, 43 young (44032K), 6 survivors (6144K)
 Metaspace       used 154562K, committed 156992K, reserved 1245184K
  class space    used 20594K, committed 21760K, reserved 1048576K
}
Event: 401.513 GC heap after
{Heap after GC invocations=60 (full 0):
 garbage-first heap   total 261120K, used 144218K [0x0000000080000000, 0x0000000100000000)
  region size 1024K, 5 young (5120K), 5 survivors (5120K)
 Metaspace       used 154562K, committed 156992K, reserved 1245184K
  class space    used 20594K, committed 21760K, reserved 1048576K
}
Event: 425.145 GC heap before
{Heap before GC invocations=61 (full 0):
 garbage-first heap   total 261120K, used 252762K [0x0000000080000000, 0x0000000100000000)
  region size 1024K, 100 young (102400K), 5 survivors (5120K)
 Metaspace       used 154510K, committed 156928K, reserved 1245184K
  class space    used 20575K, committed 21760K, reserved 1048576K
}
Event: 425.159 GC heap after
{Heap after GC invocations=62 (full 0):
 garbage-first heap   total 267264K, used 151370K [0x0000000080000000, 0x0000000100000000)
  region size 1024K, 13 young (13312K), 13 survivors (13312K)
 Metaspace       used 154510K, committed 156928K, reserved 1245184K
  class space    used 20575K, committed 21760K, reserved 1048576K
}
Event: 760.890 GC heap before
{Heap before GC invocations=62 (full 0):
 garbage-first heap   total 267264K, used 239434K [0x0000000080000000, 0x0000000100000000)
  region size 1024K, 99 young (101376K), 13 survivors (13312K)
 Metaspace       used 154721K, committed 157184K, reserved 1245184K
  class space    used 20580K, committed 21760K, reserved 1048576K
}
Event: 761.453 GC heap after
{Heap after GC invocations=63 (full 0):
 garbage-first heap   total 267264K, used 142599K [0x0000000080000000, 0x0000000100000000)
  region size 1024K, 9 young (9216K), 9 survivors (9216K)
 Metaspace       used 154721K, committed 157184K, reserved 1245184K
  class space    used 20580K, committed 21760K, reserved 1048576K
}

